<?xml version="1.0" encoding="UTF-8"?>
<testsuite xmlns:xsi="http://www.w3.org/2001/XMLSchema-instance" xsi:noNamespaceSchemaLocation="https://maven.apache.org/surefire/maven-surefire-plugin/xsd/surefire-test-report-3.0.xsd" version="3.0" name="com.example.AppTest" time="0.014" tests="1" errors="0" skipped="0" failures="0">
  <properties>
    <property name="java.specification.version" value="20"/>
    <property name="sun.cpu.isalist" value="amd64"/>
    <property name="sun.jnu.encoding" value="Cp1252"/>
    <property name="java.class.path" value="D:\Wishtree Technologies\Java_Training\Day9\my-app\target\test-classes;D:\Wishtree Technologies\Java_Training\Day9\my-app\target\classes;C:\Users\hetvi\.m2\repository\junit\junit\3.8.1\junit-3.8.1.jar;C:\Users\hetvi\.m2\repository\org\apache\commons\commons-lang3\3.12.0\commons-lang3-3.12.0.jar;C:\Users\hetvi\.m2\repository\org\springframework\spring-context\6.2.1\spring-context-6.2.1.jar;C:\Users\hetvi\.m2\repository\org\springframework\spring-aop\6.2.1\spring-aop-6.2.1.jar;C:\Users\hetvi\.m2\repository\org\springframework\spring-beans\6.2.1\spring-beans-6.2.1.jar;C:\Users\hetvi\.m2\repository\org\springframework\spring-expression\6.2.1\spring-expression-6.2.1.jar;C:\Users\hetvi\.m2\repository\io\micrometer\micrometer-observation\1.14.2\micrometer-observation-1.14.2.jar;C:\Users\hetvi\.m2\repository\io\micrometer\micrometer-commons\1.14.2\micrometer-commons-1.14.2.jar;"/>
    <property name="java.vm.vendor" value="Oracle Corporation"/>
    <property name="sun.arch.data.model" value="64"/>
    <property name="user.variant" value=""/>
    <property name="java.vendor.url" value="https://java.oracle.com/"/>
    <property name="user.timezone" value="Asia/Calcutta"/>
    <property name="os.name" value="Windows 11"/>
    <property name="java.vm.specification.version" value="20"/>
    <property name="sun.java.launcher" value="SUN_STANDARD"/>
    <property name="user.country" value="IN"/>
    <property name="sun.boot.library.path" value="E:\Java\jdk-20\bin"/>
    <property name="sun.java.command" value="C:\Users\hetvi\AppData\Local\Temp\surefire14810892112249317418\surefirebooter-20241215214544451_3.jar C:\Users\hetvi\AppData\Local\Temp\surefire14810892112249317418 2024-12-15T21-45-44_320-jvmRun1 surefire-20241215214544451_1tmp surefire_0-20241215214544451_2tmp"/>
    <property name="jdk.debug" value="release"/>
    <property name="surefire.test.class.path" value="D:\Wishtree Technologies\Java_Training\Day9\my-app\target\test-classes;D:\Wishtree Technologies\Java_Training\Day9\my-app\target\classes;C:\Users\hetvi\.m2\repository\junit\junit\3.8.1\junit-3.8.1.jar;C:\Users\hetvi\.m2\repository\org\apache\commons\commons-lang3\3.12.0\commons-lang3-3.12.0.jar;C:\Users\hetvi\.m2\repository\org\springframework\spring-context\6.2.1\spring-context-6.2.1.jar;C:\Users\hetvi\.m2\repository\org\springframework\spring-aop\6.2.1\spring-aop-6.2.1.jar;C:\Users\hetvi\.m2\repository\org\springframework\spring-beans\6.2.1\spring-beans-6.2.1.jar;C:\Users\hetvi\.m2\repository\org\springframework\spring-expression\6.2.1\spring-expression-6.2.1.jar;C:\Users\hetvi\.m2\repository\io\micrometer\micrometer-observation\1.14.2\micrometer-observation-1.14.2.jar;C:\Users\hetvi\.m2\repository\io\micrometer\micrometer-commons\1.14.2\micrometer-commons-1.14.2.jar;"/>
    <property name="sun.cpu.endian" value="little"/>
    <property name="user.home" value="C:\Users\hetvi"/>
    <property name="user.language" value="en"/>
    <property name="java.specification.vendor" value="Oracle Corporation"/>
    <property name="java.version.date" value="2023-04-18"/>
    <property name="java.home" value="E:\Java\jdk-20"/>
    <property name="file.separator" value="\"/>
    <property name="basedir" value="D:\Wishtree Technologies\Java_Training\Day9\my-app"/>
    <property name="java.vm.compressedOopsMode" value="Zero based"/>
    <property name="line.separator" value="&#10;"/>
    <property name="java.vm.specification.vendor" value="Oracle Corporation"/>
    <property name="java.specification.name" value="Java Platform API Specification"/>
    <property name="surefire.real.class.path" value="C:\Users\hetvi\AppData\Local\Temp\surefire14810892112249317418\surefirebooter-20241215214544451_3.jar"/>
    <property name="user.script" value=""/>
    <property name="sun.management.compiler" value="HotSpot 64-Bit Tiered Compilers"/>
    <property name="java.runtime.version" value="20.0.1+9-29"/>
    <property name="user.name" value="hetvi"/>
    <property name="stdout.encoding" value="Cp1252"/>
    <property name="path.separator" value=";"/>
    <property name="os.version" value="10.0"/>
    <property name="java.runtime.name" value="Java(TM) SE Runtime Environment"/>
    <property name="file.encoding" value="UTF-8"/>
    <property name="java.vm.name" value="Java HotSpot(TM) 64-Bit Server VM"/>
    <property name="localRepository" value="C:\Users\hetvi\.m2\repository"/>
    <property name="java.vendor.url.bug" value="https://bugreport.java.com/bugreport/"/>
    <property name="java.io.tmpdir" value="C:\Users\hetvi\AppData\Local\Temp\"/>
    <property name="java.version" value="20.0.1"/>
    <property name="user.dir" value="D:\Wishtree Technologies\Java_Training\Day9\my-app"/>
    <property name="os.arch" value="amd64"/>
    <property name="java.vm.specification.name" value="Java Virtual Machine Specification"/>
    <property name="sun.os.patch.level" value=""/>
    <property name="native.encoding" value="Cp1252"/>
    <property name="java.library.path" value="E:\Java\jdk-20\bin;C:\windows\Sun\Java\bin;C:\windows\system32;C:\windows;E:\Python\Scripts\;E:\Python\;C:\windows\system32\config\systemprofile\AppData\Local\Microsoft\WindowsApps;C:\Users\hetvi\AppData\Roaming\npm;C:\Users\hetvi\AppData\Local\GitHubDesktop\bin;C:\Program Files\Common Files\Oracle\Java\javapath;E:\vs code\Microsoft VS Code\bin;E:\Java\jdk-20;E:\nodejs\;E:\dev\flutter\bin;C:\Windows\System32\WindowsPowerShell\v1.0;C:\Windows\System32;C:\Program Files\MongoDB\mongosh-2.1.1-win32-x64\bin;C:\Program Files\MySQL\MySQL Server 8.0\bin;E:\OpenSSL-Win64\bin;C:\Program Files\Microsoft SQL Server\150\Tools\Binn\;E:\mingw64\bin;C:\Program Files\dotnet\;C:\Program Files\Microsoft SQL Server\Client SDK\ODBC\170\Tools\Binn\;E:\Python\Scripts;E:\jdk-21\bin;E:\jdk-21;E:\Git\bin;E:\Git\cmd;E:\Maven\apache-maven-3.9.9\bin;C:\Program Files\MySQL\MySQL Shell 8.0\bin\;C:\Users\hetvi\AppData\Local\Microsoft\WindowsApps;C:\Program Files\Common Files\Oracle\Java\javapath;E:\VS Code\Microsoft VS Code\bin;C:\Users\hetvi\AppData\Roaming\npm;E:\IntelliJ IDEA 2023.2\bin;;E:\dev\flutter\bin;C:\Windows\System32\WindowsPowerShell\v1.0;C:\Windows\System32;C:\Users\hetvi\AppData\Local\Programs\Python\Python312\Scripts;C:\Users\hetvi\AppData\Local\Programs\Python\Python312;C:\Program Files\MongoDB\mongosh-2.1.1-win32-x64\bin;C:\Program Files\MySQL\MySQL Server 8.0\bin;E:\OpenSSL-Win64\bin;C:\Users\hetvi\.dotnet\tools;C:\Program Files\dotnet\;C:\Users\hetvi\AppData\Local\GitHubDesktop\bin;E:\intellij community\IntelliJ IDEA Community Edition 2024.3\bin;;E:\Maven\apache-maven-3.9.9\bin;;."/>
    <property name="java.vm.info" value="mixed mode, sharing"/>
    <property name="stderr.encoding" value="Cp1252"/>
    <property name="java.vendor" value="Oracle Corporation"/>
    <property name="java.vm.version" value="20.0.1+9-29"/>
    <property name="sun.io.unicode.encoding" value="UnicodeLittle"/>
    <property name="java.class.version" value="64.0"/>
  </properties>
  <testcase name="testApp" classname="com.example.AppTest" time="0.002"/>
</testsuite>